\BOOKMARK [0][-]{chapter.1}{\376\377\0001\000\040\000\301\000r\000b\000o\000l\000\040\000B\000i\000n\000a\000r\000i\000o\000\040\000e\000n\000\040\000C\000+\000+\000\040}{}% 1
\BOOKMARK [1][-]{section.1.1}{\376\377\0001\000.\0001\000\040\000C\000a\000r\000a\000c\000t\000e\000r\000\355\000s\000t\000i\000c\000a\000s}{chapter.1}% 2
\BOOKMARK [1][-]{section.1.2}{\376\377\0001\000.\0002\000\040\000E\000s\000t\000r\000u\000c\000t\000u\000r\000a\000\040\000d\000e\000l\000\040\000p\000r\000o\000y\000e\000c\000t\000o}{chapter.1}% 3
\BOOKMARK [1][-]{section.1.3}{\376\377\0001\000.\0003\000\040\000D\000o\000c\000u\000m\000e\000n\000t\000a\000c\000i\000\363\000n}{chapter.1}% 4
\BOOKMARK [1][-]{section.1.4}{\376\377\0001\000.\0004\000\040\000E\000j\000e\000c\000u\000c\000i\000\363\000n}{chapter.1}% 5
\BOOKMARK [1][-]{section.1.5}{\376\377\0001\000.\0005\000\040\000A\000u\000t\000o\000r\000a}{chapter.1}% 6
\BOOKMARK [1][-]{section.1.6}{\376\377\0001\000.\0006\000\040\000M\000a\000e\000s\000t\000r\000o}{chapter.1}% 7
\BOOKMARK [1][-]{section.1.7}{\376\377\0001\000.\0007\000\040\000M\000a\000t\000e\000r\000i\000a\000\040\000y\000\040\000P\000r\000o\000g\000r\000a\000m\000a\000\040\000A\000c\000a\000d\000\351\000m\000i\000c\000o}{chapter.1}% 8
\BOOKMARK [1][-]{section.1.8}{\376\377\0001\000.\0008\000\040\000F\000e\000c\000h\000a}{chapter.1}% 9
\BOOKMARK [0][-]{chapter.2}{\376\377\0002\000\040\000P\000r\000u\000e\000b\000a\000s\000\040}{}% 10
\BOOKMARK [1][-]{section.2.1}{\376\377\0002\000.\0001\000\040\000R\000e\000s\000u\000l\000t\000a\000d\000o\000s\000\040\000d\000e\000\040\000p\000r\000u\000e\000b\000a\000s}{chapter.2}% 11
\BOOKMARK [0][-]{chapter.3}{\376\377\0003\000\040\000D\000i\000r\000e\000c\000t\000o\000r\000y\000\040\000H\000i\000e\000r\000a\000r\000c\000h\000y}{}% 12
\BOOKMARK [1][-]{section.3.1}{\376\377\0003\000.\0001\000\040\000D\000i\000r\000e\000c\000t\000o\000r\000i\000e\000s}{chapter.3}% 13
\BOOKMARK [0][-]{chapter.4}{\376\377\0004\000\040\000H\000i\000e\000r\000a\000r\000c\000h\000i\000c\000a\000l\000\040\000I\000n\000d\000e\000x}{}% 14
\BOOKMARK [1][-]{section.4.1}{\376\377\0004\000.\0001\000\040\000C\000l\000a\000s\000s\000\040\000H\000i\000e\000r\000a\000r\000c\000h\000y}{chapter.4}% 15
\BOOKMARK [0][-]{chapter.5}{\376\377\0005\000\040\000C\000l\000a\000s\000s\000\040\000I\000n\000d\000e\000x}{}% 16
\BOOKMARK [1][-]{section.5.1}{\376\377\0005\000.\0001\000\040\000C\000l\000a\000s\000s\000\040\000L\000i\000s\000t}{chapter.5}% 17
\BOOKMARK [0][-]{chapter.6}{\376\377\0006\000\040\000F\000i\000l\000e\000\040\000I\000n\000d\000e\000x}{}% 18
\BOOKMARK [1][-]{section.6.1}{\376\377\0006\000.\0001\000\040\000F\000i\000l\000e\000\040\000L\000i\000s\000t}{chapter.6}% 19
\BOOKMARK [0][-]{chapter.7}{\376\377\0007\000\040\000D\000i\000r\000e\000c\000t\000o\000r\000y\000\040\000D\000o\000c\000u\000m\000e\000n\000t\000a\000t\000i\000o\000n}{}% 20
\BOOKMARK [1][-]{section.7.1}{\376\377\0007\000.\0001\000\040\000h\000e\000a\000d\000e\000r\000s\000\040\000D\000i\000r\000e\000c\000t\000o\000r\000y\000\040\000R\000e\000f\000e\000r\000e\000n\000c\000e}{chapter.7}% 21
\BOOKMARK [1][-]{section.7.2}{\376\377\0007\000.\0002\000\040\000s\000r\000c\000\040\000D\000i\000r\000e\000c\000t\000o\000r\000y\000\040\000R\000e\000f\000e\000r\000e\000n\000c\000e}{chapter.7}% 22
\BOOKMARK [0][-]{chapter.8}{\376\377\0008\000\040\000C\000l\000a\000s\000s\000\040\000D\000o\000c\000u\000m\000e\000n\000t\000a\000t\000i\000o\000n}{}% 23
\BOOKMARK [1][-]{section.8.1}{\376\377\0008\000.\0001\000\040\000A\000r\000b\000o\000l\000<\000\040\000T\000\040\000>\000\040\000C\000l\000a\000s\000s\000\040\000T\000e\000m\000p\000l\000a\000t\000e\000\040\000R\000e\000f\000e\000r\000e\000n\000c\000e}{chapter.8}% 24
\BOOKMARK [2][-]{subsection.8.1.1}{\376\377\0008\000.\0001\000.\0001\000\040\000D\000e\000t\000a\000i\000l\000e\000d\000\040\000D\000e\000s\000c\000r\000i\000p\000t\000i\000o\000n}{section.8.1}% 25
\BOOKMARK [2][-]{subsection.8.1.2}{\376\377\0008\000.\0001\000.\0002\000\040\000C\000o\000n\000s\000t\000r\000u\000c\000t\000o\000r\000\040\000\046\000\040\000D\000e\000s\000t\000r\000u\000c\000t\000o\000r\000\040\000D\000o\000c\000u\000m\000e\000n\000t\000a\000t\000i\000o\000n}{section.8.1}% 26
\BOOKMARK [3][-]{subsubsection.8.1.2.1}{\376\377\0008\000.\0001\000.\0002\000.\0001\000\040\000A\000r\000b\000o\000l\000\050\000\051}{subsection.8.1.2}% 27
\BOOKMARK [3][-]{subsubsection.8.1.2.2}{\376\377\0008\000.\0001\000.\0002\000.\0002\000\040\000~\000A\000r\000b\000o\000l\000\050\000\051}{subsection.8.1.2}% 28
\BOOKMARK [2][-]{subsection.8.1.3}{\376\377\0008\000.\0001\000.\0003\000\040\000M\000e\000m\000b\000e\000r\000\040\000F\000u\000n\000c\000t\000i\000o\000n\000\040\000D\000o\000c\000u\000m\000e\000n\000t\000a\000t\000i\000o\000n}{section.8.1}% 29
\BOOKMARK [3][-]{subsubsection.8.1.3.1}{\376\377\0008\000.\0001\000.\0003\000.\0001\000\040\000b\000u\000s\000c\000a\000r\000M\000a\000x\000\050\000\051}{subsection.8.1.3}% 30
\BOOKMARK [3][-]{subsubsection.8.1.3.2}{\376\377\0008\000.\0001\000.\0003\000.\0002\000\040\000c\000o\000n\000t\000a\000r\000H\000o\000j\000a\000s\000\050\000\051}{subsection.8.1.3}% 31
\BOOKMARK [3][-]{subsubsection.8.1.3.3}{\376\377\0008\000.\0001\000.\0003\000.\0003\000\040\000c\000o\000n\000t\000a\000r\000I\000n\000t\000e\000r\000n\000o\000s\000\050\000\051}{subsection.8.1.3}% 32
\BOOKMARK [3][-]{subsubsection.8.1.3.4}{\376\377\0008\000.\0001\000.\0003\000.\0004\000\040\000c\000o\000n\000t\000a\000r\000N\000o\000d\000o\000s\000\050\000\051}{subsection.8.1.3}% 33
\BOOKMARK [3][-]{subsubsection.8.1.3.5}{\376\377\0008\000.\0001\000.\0003\000.\0005\000\040\000i\000n\000s\000e\000r\000t\000a\000r\000D\000a\000t\000o\000\050\000\051}{subsection.8.1.3}% 34
\BOOKMARK [3][-]{subsubsection.8.1.3.6}{\376\377\0008\000.\0001\000.\0003\000.\0006\000\040\000o\000r\000d\000e\000n\000\050\000\051}{subsection.8.1.3}% 35
\BOOKMARK [3][-]{subsubsection.8.1.3.7}{\376\377\0008\000.\0001\000.\0003\000.\0007\000\040\000p\000r\000o\000m\000e\000d\000i\000o\000\050\000\051}{subsection.8.1.3}% 36
\BOOKMARK [3][-]{subsubsection.8.1.3.8}{\376\377\0008\000.\0001\000.\0003\000.\0008\000\040\000v\000i\000s\000u\000a\000l\000i\000z\000a\000c\000i\000o\000n\000\050\000\051}{subsection.8.1.3}% 37
\BOOKMARK [1][-]{section.8.2}{\376\377\0008\000.\0002\000\040\000e\000x\000c\000e\000p\000c\000i\000o\000n\000\040\000C\000l\000a\000s\000s\000\040\000R\000e\000f\000e\000r\000e\000n\000c\000e}{chapter.8}% 38
\BOOKMARK [2][-]{subsection.8.2.1}{\376\377\0008\000.\0002\000.\0001\000\040\000D\000e\000t\000a\000i\000l\000e\000d\000\040\000D\000e\000s\000c\000r\000i\000p\000t\000i\000o\000n}{section.8.2}% 39
\BOOKMARK [2][-]{subsection.8.2.2}{\376\377\0008\000.\0002\000.\0002\000\040\000C\000o\000n\000s\000t\000r\000u\000c\000t\000o\000r\000\040\000\046\000\040\000D\000e\000s\000t\000r\000u\000c\000t\000o\000r\000\040\000D\000o\000c\000u\000m\000e\000n\000t\000a\000t\000i\000o\000n}{section.8.2}% 40
\BOOKMARK [3][-]{subsubsection.8.2.2.1}{\376\377\0008\000.\0002\000.\0002\000.\0001\000\040\000e\000x\000c\000e\000p\000c\000i\000o\000n\000\050\000\051}{subsection.8.2.2}% 41
\BOOKMARK [1][-]{section.8.3}{\376\377\0008\000.\0003\000\040\000N\000o\000d\000o\000<\000\040\000T\000\040\000>\000\040\000C\000l\000a\000s\000s\000\040\000T\000e\000m\000p\000l\000a\000t\000e\000\040\000R\000e\000f\000e\000r\000e\000n\000c\000e}{chapter.8}% 42
\BOOKMARK [2][-]{subsection.8.3.1}{\376\377\0008\000.\0003\000.\0001\000\040\000D\000e\000t\000a\000i\000l\000e\000d\000\040\000D\000e\000s\000c\000r\000i\000p\000t\000i\000o\000n}{section.8.3}% 43
\BOOKMARK [2][-]{subsection.8.3.2}{\376\377\0008\000.\0003\000.\0002\000\040\000C\000o\000n\000s\000t\000r\000u\000c\000t\000o\000r\000\040\000\046\000\040\000D\000e\000s\000t\000r\000u\000c\000t\000o\000r\000\040\000D\000o\000c\000u\000m\000e\000n\000t\000a\000t\000i\000o\000n}{section.8.3}% 44
\BOOKMARK [3][-]{subsubsection.8.3.2.1}{\376\377\0008\000.\0003\000.\0002\000.\0001\000\040\000N\000o\000d\000o\000\050\000\051\000\040\000[\0001\000/\0003\000]}{subsection.8.3.2}% 45
\BOOKMARK [3][-]{subsubsection.8.3.2.2}{\376\377\0008\000.\0003\000.\0002\000.\0002\000\040\000N\000o\000d\000o\000\050\000\051\000\040\000[\0002\000/\0003\000]}{subsection.8.3.2}% 46
\BOOKMARK [3][-]{subsubsection.8.3.2.3}{\376\377\0008\000.\0003\000.\0002\000.\0003\000\040\000N\000o\000d\000o\000\050\000\051\000\040\000[\0003\000/\0003\000]}{subsection.8.3.2}% 47
\BOOKMARK [2][-]{subsection.8.3.3}{\376\377\0008\000.\0003\000.\0003\000\040\000M\000e\000m\000b\000e\000r\000\040\000D\000a\000t\000a\000\040\000D\000o\000c\000u\000m\000e\000n\000t\000a\000t\000i\000o\000n}{section.8.3}% 48
\BOOKMARK [3][-]{subsubsection.8.3.3.1}{\376\377\0008\000.\0003\000.\0003\000.\0001\000\040\000n\000o\000d\000o\000\137\000d\000e\000r}{subsection.8.3.3}% 49
\BOOKMARK [3][-]{subsubsection.8.3.3.2}{\376\377\0008\000.\0003\000.\0003\000.\0002\000\040\000n\000o\000d\000o\000\137\000i\000z\000q}{subsection.8.3.3}% 50
\BOOKMARK [3][-]{subsubsection.8.3.3.3}{\376\377\0008\000.\0003\000.\0003\000.\0003\000\040\000v\000a\000l\000o\000r}{subsection.8.3.3}% 51
\BOOKMARK [0][-]{chapter.9}{\376\377\0009\000\040\000F\000i\000l\000e\000\040\000D\000o\000c\000u\000m\000e\000n\000t\000a\000t\000i\000o\000n}{}% 52
\BOOKMARK [1][-]{section.9.1}{\376\377\0009\000.\0001\000\040\000h\000e\000a\000d\000e\000r\000s\000/\000a\000r\000b\000o\000l\000.\000h\000\040\000F\000i\000l\000e\000\040\000R\000e\000f\000e\000r\000e\000n\000c\000e}{chapter.9}% 53
\BOOKMARK [2][-]{subsection.9.1.1}{\376\377\0009\000.\0001\000.\0001\000\040\000D\000e\000t\000a\000i\000l\000e\000d\000\040\000D\000e\000s\000c\000r\000i\000p\000t\000i\000o\000n}{section.9.1}% 54
\BOOKMARK [1][-]{section.9.2}{\376\377\0009\000.\0002\000\040\000a\000r\000b\000o\000l\000.\000h}{chapter.9}% 55
\BOOKMARK [1][-]{section.9.3}{\376\377\0009\000.\0003\000\040\000h\000e\000a\000d\000e\000r\000s\000/\000e\000x\000c\000e\000p\000c\000i\000o\000n\000.\000h\000\040\000F\000i\000l\000e\000\040\000R\000e\000f\000e\000r\000e\000n\000c\000e}{chapter.9}% 56
\BOOKMARK [2][-]{subsection.9.3.1}{\376\377\0009\000.\0003\000.\0001\000\040\000D\000e\000t\000a\000i\000l\000e\000d\000\040\000D\000e\000s\000c\000r\000i\000p\000t\000i\000o\000n}{section.9.3}% 57
\BOOKMARK [1][-]{section.9.4}{\376\377\0009\000.\0004\000\040\000e\000x\000c\000e\000p\000c\000i\000o\000n\000.\000h}{chapter.9}% 58
\BOOKMARK [1][-]{section.9.5}{\376\377\0009\000.\0005\000\040\000h\000e\000a\000d\000e\000r\000s\000/\000n\000o\000d\000o\000.\000h\000\040\000F\000i\000l\000e\000\040\000R\000e\000f\000e\000r\000e\000n\000c\000e}{chapter.9}% 59
\BOOKMARK [2][-]{subsection.9.5.1}{\376\377\0009\000.\0005\000.\0001\000\040\000D\000e\000t\000a\000i\000l\000e\000d\000\040\000D\000e\000s\000c\000r\000i\000p\000t\000i\000o\000n}{section.9.5}% 60
\BOOKMARK [1][-]{section.9.6}{\376\377\0009\000.\0006\000\040\000n\000o\000d\000o\000.\000h}{chapter.9}% 61
\BOOKMARK [1][-]{section.9.7}{\376\377\0009\000.\0007\000\040\000R\000E\000A\000D\000M\000E\000.\000m\000d\000\040\000F\000i\000l\000e\000\040\000R\000e\000f\000e\000r\000e\000n\000c\000e}{chapter.9}% 62
\BOOKMARK [1][-]{section.9.8}{\376\377\0009\000.\0008\000\040\000s\000r\000c\000/\000a\000r\000b\000o\000l\000.\000c\000p\000p\000\040\000F\000i\000l\000e\000\040\000R\000e\000f\000e\000r\000e\000n\000c\000e}{chapter.9}% 63
\BOOKMARK [2][-]{subsection.9.8.1}{\376\377\0009\000.\0008\000.\0001\000\040\000D\000e\000t\000a\000i\000l\000e\000d\000\040\000D\000e\000s\000c\000r\000i\000p\000t\000i\000o\000n}{section.9.8}% 64
\BOOKMARK [1][-]{section.9.9}{\376\377\0009\000.\0009\000\040\000a\000r\000b\000o\000l\000.\000c\000p\000p}{chapter.9}% 65
\BOOKMARK [1][-]{section.9.10}{\376\377\0009\000.\0001\0000\000\040\000s\000r\000c\000/\000m\000a\000i\000n\000.\000c\000p\000p\000\040\000F\000i\000l\000e\000\040\000R\000e\000f\000e\000r\000e\000n\000c\000e}{chapter.9}% 66
\BOOKMARK [2][-]{subsection.9.10.1}{\376\377\0009\000.\0001\0000\000.\0001\000\040\000D\000e\000t\000a\000i\000l\000e\000d\000\040\000D\000e\000s\000c\000r\000i\000p\000t\000i\000o\000n}{section.9.10}% 67
\BOOKMARK [2][-]{subsection.9.10.2}{\376\377\0009\000.\0001\0000\000.\0002\000\040\000F\000u\000n\000c\000t\000i\000o\000n\000\040\000D\000o\000c\000u\000m\000e\000n\000t\000a\000t\000i\000o\000n}{section.9.10}% 68
\BOOKMARK [3][-]{subsubsection.9.10.2.1}{\376\377\0009\000.\0001\0000\000.\0002\000.\0001\000\040\000m\000a\000i\000n\000\050\000\051}{subsection.9.10.2}% 69
\BOOKMARK [3][-]{subsubsection.9.10.2.2}{\376\377\0009\000.\0001\0000\000.\0002\000.\0002\000\040\000m\000e\000n\000u\000\050\000\051}{subsection.9.10.2}% 70
\BOOKMARK [1][-]{section.9.11}{\376\377\0009\000.\0001\0001\000\040\000m\000a\000i\000n\000.\000c\000p\000p}{chapter.9}% 71
\BOOKMARK [1][-]{section.9.12}{\376\377\0009\000.\0001\0002\000\040\000s\000r\000c\000/\000n\000o\000d\000o\000.\000c\000p\000p\000\040\000F\000i\000l\000e\000\040\000R\000e\000f\000e\000r\000e\000n\000c\000e}{chapter.9}% 72
\BOOKMARK [2][-]{subsection.9.12.1}{\376\377\0009\000.\0001\0002\000.\0001\000\040\000D\000e\000t\000a\000i\000l\000e\000d\000\040\000D\000e\000s\000c\000r\000i\000p\000t\000i\000o\000n}{section.9.12}% 73
\BOOKMARK [1][-]{section.9.13}{\376\377\0009\000.\0001\0003\000\040\000n\000o\000d\000o\000.\000c\000p\000p}{chapter.9}% 74
\BOOKMARK [0][-]{section*.19}{\376\377\000I\000n\000d\000e\000x}{}% 75
